2016-10-04 20:32:08,248  WARN [ModalContext] - ScalaProject - Project compiler has platform default sourceLevel.
2016-10-04 20:32:08,256  WARN [ModalContext] - ScalaProject - Project compiler runs on platform default installation.
2016-10-04 20:32:09,303  WARN [ModalContext] - ScalaProject - Project compiler has platform default sourceLevel.
2016-10-04 20:32:09,303  WARN [ModalContext] - ScalaProject - Project compiler runs on platform default installation.
2016-10-04 20:32:09,493  WARN [Worker-1] - ScalaProject - Project compiler has platform default sourceLevel.
2016-10-04 20:32:09,494  WARN [Worker-1] - ScalaProject - Project compiler runs on platform default installation.
2016-10-04 20:32:09,541  WARN [main] - org.scala-ide.sdt.core - org.scala-ide.sdt.core - org.scala-ide.sdt.core - 0 - Preference scala.compiler.sourceLevel was uninitialized for compiler, setting default to 2.11.
2016-10-04 20:32:09,543  WARN [main] - org.scala-ide.sdt.core - org.scala-ide.sdt.core - org.scala-ide.sdt.core - 0 - Preference scala.compiler.installation was uninitialized for compiler, setting default to 2.11.
2016-10-05 03:23:59,547  WARN [org.scalaide.ui.internal.reconciliation.ScalaReconciler] - TraverserImpl$ - Skipping annotation, position length = 0, position offset = 2812
2016-10-05 03:24:00,590  WARN [org.scalaide.ui.internal.reconciliation.ScalaReconciler] - TraverserImpl$ - Skipping annotation, position length = 0, position offset = 2812
2016-10-05 03:25:29,311 ERROR [Text Viewer Hover Presenter] - IScalaPresentationCompiler$ - Ignoring InterruptException
2016-10-05 03:25:29,312 ERROR [Text Viewer Hover Presenter] - IScalaPresentationCompiler$ - Ignoring InterruptException
2016-10-05 03:25:29,312 ERROR [Text Viewer Hover Presenter] - IScalaPresentationCompiler$ - Ignoring InterruptException
2016-10-05 03:25:29,312 ERROR [Text Viewer Hover Presenter] - IScalaPresentationCompiler$ - Ignoring InterruptException
2016-10-05 03:25:29,313 ERROR [Text Viewer Hover Presenter] - IScalaPresentationCompiler$ - Ignoring InterruptException
2016-10-05 03:25:29,313 ERROR [Text Viewer Hover Presenter] - IScalaPresentationCompiler$ - Ignoring InterruptException
2016-10-05 03:25:29,313 ERROR [Text Viewer Hover Presenter] - IScalaPresentationCompiler$ - Ignoring InterruptException
2016-10-05 03:25:29,313 ERROR [Text Viewer Hover Presenter] - IScalaPresentationCompiler$ - Ignoring InterruptException
2016-10-05 03:25:29,313 ERROR [Text Viewer Hover Presenter] - IScalaPresentationCompiler$ - Ignoring InterruptException
2016-10-05 03:25:29,313 ERROR [Text Viewer Hover Presenter] - IScalaPresentationCompiler$ - Ignoring InterruptException
2016-10-05 03:25:29,313 ERROR [Text Viewer Hover Presenter] - IScalaPresentationCompiler$ - Ignoring InterruptException
2016-10-05 03:25:29,313 ERROR [Text Viewer Hover Presenter] - IScalaPresentationCompiler$ - Ignoring InterruptException
2016-10-05 03:25:29,313 ERROR [Text Viewer Hover Presenter] - IScalaPresentationCompiler$ - Ignoring InterruptException
2016-10-05 03:25:29,313 ERROR [Text Viewer Hover Presenter] - IScalaPresentationCompiler$ - Ignoring InterruptException
2016-10-05 03:25:29,313 ERROR [Text Viewer Hover Presenter] - IScalaPresentationCompiler$ - Ignoring InterruptException
2016-10-05 03:25:29,313 ERROR [Text Viewer Hover Presenter] - IScalaPresentationCompiler$ - Ignoring InterruptException
2016-10-05 03:25:29,313 ERROR [Text Viewer Hover Presenter] - IScalaPresentationCompiler$ - Ignoring InterruptException
2016-10-05 03:25:29,313 ERROR [Text Viewer Hover Presenter] - IScalaPresentationCompiler$ - Ignoring InterruptException
2016-10-05 03:25:29,313 ERROR [Text Viewer Hover Presenter] - IScalaPresentationCompiler$ - Ignoring InterruptException
2016-10-05 03:25:29,314 ERROR [Text Viewer Hover Presenter] - IScalaPresentationCompiler$ - Ignoring InterruptException
2016-10-05 03:25:29,314 ERROR [Text Viewer Hover Presenter] - IScalaPresentationCompiler$ - Ignoring InterruptException
2016-10-05 03:25:29,314 ERROR [Text Viewer Hover Presenter] - IScalaPresentationCompiler$ - Ignoring InterruptException
2016-10-05 03:25:29,314 ERROR [Text Viewer Hover Presenter] - IScalaPresentationCompiler$ - Ignoring InterruptException
2016-10-05 03:25:29,314 ERROR [Text Viewer Hover Presenter] - IScalaPresentationCompiler$ - Ignoring InterruptException
2016-10-05 03:25:29,314 ERROR [Text Viewer Hover Presenter] - IScalaPresentationCompiler$ - Ignoring InterruptException
2016-10-05 03:25:29,314 ERROR [Text Viewer Hover Presenter] - IScalaPresentationCompiler$ - Ignoring InterruptException
2016-10-05 03:25:29,314 ERROR [Text Viewer Hover Presenter] - IScalaPresentationCompiler$ - Ignoring InterruptException
2016-10-05 03:25:29,314 ERROR [Text Viewer Hover Presenter] - IScalaPresentationCompiler$ - Ignoring InterruptException
2016-10-05 03:25:29,314 ERROR [Text Viewer Hover Presenter] - IScalaPresentationCompiler$ - Ignoring InterruptException
2016-10-05 03:25:29,314 ERROR [Text Viewer Hover Presenter] - IScalaPresentationCompiler$ - Ignoring InterruptException
2016-10-05 03:25:29,314 ERROR [Text Viewer Hover Presenter] - IScalaPresentationCompiler$ - Ignoring InterruptException
2016-10-05 03:25:29,314 ERROR [Text Viewer Hover Presenter] - IScalaPresentationCompiler$ - Ignoring InterruptException
2016-10-05 03:25:29,314 ERROR [Text Viewer Hover Presenter] - IScalaPresentationCompiler$ - Ignoring InterruptException
2016-10-05 03:25:29,314 ERROR [Text Viewer Hover Presenter] - IScalaPresentationCompiler$ - Ignoring InterruptException
2016-10-05 03:25:29,314 ERROR [Text Viewer Hover Presenter] - IScalaPresentationCompiler$ - Ignoring InterruptException
2016-10-05 03:25:29,315 ERROR [Text Viewer Hover Presenter] - IScalaPresentationCompiler$ - Ignoring InterruptException
2016-10-05 03:25:29,315 ERROR [Text Viewer Hover Presenter] - IScalaPresentationCompiler$ - Ignoring InterruptException
2016-10-05 03:25:29,315 ERROR [Text Viewer Hover Presenter] - IScalaPresentationCompiler$ - Ignoring InterruptException
2016-10-05 03:25:29,315 ERROR [Text Viewer Hover Presenter] - IScalaPresentationCompiler$ - Ignoring InterruptException
2016-10-05 03:25:29,315 ERROR [Text Viewer Hover Presenter] - IScalaPresentationCompiler$ - Ignoring InterruptException
2016-10-05 03:25:29,315 ERROR [Text Viewer Hover Presenter] - IScalaPresentationCompiler$ - Ignoring InterruptException
2016-10-05 03:25:29,315 ERROR [Text Viewer Hover Presenter] - IScalaPresentationCompiler$ - Ignoring InterruptException
2016-10-05 03:25:29,315 ERROR [Text Viewer Hover Presenter] - IScalaPresentationCompiler$ - Ignoring InterruptException
2016-10-05 03:25:29,315 ERROR [Text Viewer Hover Presenter] - IScalaPresentationCompiler$ - Ignoring InterruptException
2016-10-05 03:25:29,315 ERROR [Text Viewer Hover Presenter] - IScalaPresentationCompiler$ - Ignoring InterruptException
2016-10-05 03:25:29,315 ERROR [Text Viewer Hover Presenter] - IScalaPresentationCompiler$ - Ignoring InterruptException
2016-10-05 03:25:29,315 ERROR [Text Viewer Hover Presenter] - IScalaPresentationCompiler$ - Ignoring InterruptException
2016-10-05 03:25:29,315 ERROR [Text Viewer Hover Presenter] - IScalaPresentationCompiler$ - Ignoring InterruptException
2016-10-05 03:25:29,315 ERROR [Text Viewer Hover Presenter] - IScalaPresentationCompiler$ - Ignoring InterruptException
2016-10-05 03:25:29,316 ERROR [Text Viewer Hover Presenter] - IScalaPresentationCompiler$ - Ignoring InterruptException
2016-10-05 03:25:29,316 ERROR [Text Viewer Hover Presenter] - IScalaPresentationCompiler$ - Ignoring InterruptException
2016-10-05 03:25:29,316 ERROR [Text Viewer Hover Presenter] - IScalaPresentationCompiler$ - Ignoring InterruptException
2016-10-05 03:25:29,316 ERROR [Text Viewer Hover Presenter] - IScalaPresentationCompiler$ - Ignoring InterruptException
2016-10-05 03:25:29,316 ERROR [Text Viewer Hover Presenter] - IScalaPresentationCompiler$ - Ignoring InterruptException
2016-10-05 03:25:29,316 ERROR [Text Viewer Hover Presenter] - IScalaPresentationCompiler$ - Ignoring InterruptException
2016-10-05 03:25:29,316 ERROR [Text Viewer Hover Presenter] - IScalaPresentationCompiler$ - Ignoring InterruptException
2016-10-05 03:25:29,316 ERROR [Text Viewer Hover Presenter] - IScalaPresentationCompiler$ - Ignoring InterruptException
2016-10-05 03:25:29,316 ERROR [Text Viewer Hover Presenter] - IScalaPresentationCompiler$ - Ignoring InterruptException
2016-10-05 03:25:29,316 ERROR [Text Viewer Hover Presenter] - IScalaPresentationCompiler$ - Ignoring InterruptException
2016-10-05 03:25:29,316 ERROR [Text Viewer Hover Presenter] - IScalaPresentationCompiler$ - Ignoring InterruptException
2016-10-05 03:25:29,316 ERROR [Text Viewer Hover Presenter] - IScalaPresentationCompiler$ - Ignoring InterruptException
2016-10-05 03:25:29,316 ERROR [Text Viewer Hover Presenter] - IScalaPresentationCompiler$ - Ignoring InterruptException
2016-10-05 03:25:50,526  WARN [org.scalaide.ui.internal.reconciliation.ScalaReconciler] - TraverserImpl$ - Skipping annotation, position length = 0, position offset = 4302
2016-10-05 03:25:50,527  WARN [org.scalaide.ui.internal.reconciliation.ScalaReconciler] - TraverserImpl$ - Skipping annotation, position length = 0, position offset = 4321
2016-10-05 03:31:44,176 ERROR [Text Viewer Hover Presenter] - IScalaPresentationCompiler$ - Ignoring InterruptException
2016-10-05 03:31:44,177 ERROR [Text Viewer Hover Presenter] - IScalaPresentationCompiler$ - Ignoring InterruptException
2016-10-05 03:31:44,178 ERROR [Text Viewer Hover Presenter] - IScalaPresentationCompiler$ - Ignoring InterruptException
2016-10-05 03:31:56,660 ERROR [Text Viewer Hover Presenter] - IScalaPresentationCompiler$ - Ignoring InterruptException
2016-10-05 03:31:56,660 ERROR [Text Viewer Hover Presenter] - IScalaPresentationCompiler$ - Ignoring InterruptException
2016-10-05 03:31:56,660 ERROR [Text Viewer Hover Presenter] - IScalaPresentationCompiler$ - Ignoring InterruptException
2016-10-05 03:31:56,660 ERROR [Text Viewer Hover Presenter] - IScalaPresentationCompiler$ - Ignoring InterruptException
2016-10-05 03:31:56,660 ERROR [Text Viewer Hover Presenter] - IScalaPresentationCompiler$ - Ignoring InterruptException
2016-10-05 03:31:56,660 ERROR [Text Viewer Hover Presenter] - IScalaPresentationCompiler$ - Ignoring InterruptException
2016-10-05 03:31:56,660 ERROR [Text Viewer Hover Presenter] - IScalaPresentationCompiler$ - Ignoring InterruptException
2016-10-05 03:31:56,660 ERROR [Text Viewer Hover Presenter] - IScalaPresentationCompiler$ - Ignoring InterruptException
2016-10-05 03:31:56,661 ERROR [Text Viewer Hover Presenter] - IScalaPresentationCompiler$ - Ignoring InterruptException
2016-10-05 03:31:56,661 ERROR [Text Viewer Hover Presenter] - IScalaPresentationCompiler$ - Ignoring InterruptException
2016-10-05 03:31:56,661 ERROR [Text Viewer Hover Presenter] - IScalaPresentationCompiler$ - Ignoring InterruptException
2016-10-05 03:35:28,038  WARN [org.scalaide.ui.internal.reconciliation.ScalaReconciler] - CustomSemanticAction - Timeout while waiting for `askLoadedTyped` during semantic highlighting.
2016-10-05 03:35:28,244  WARN [org.scalaide.ui.internal.reconciliation.ScalaReconciler] - CallByNameParamAtCreationPresenter - Timeout while waiting for `askLoadedTyped` during semantic highlighting.
2016-10-05 04:22:58,424 ERROR [Text Viewer Hover Presenter] - IScalaPresentationCompiler$ - Ignoring InterruptException
2016-10-05 04:22:58,426 ERROR [Text Viewer Hover Presenter] - IScalaPresentationCompiler$ - Ignoring InterruptException
2016-10-05 04:22:58,426 ERROR [Text Viewer Hover Presenter] - IScalaPresentationCompiler$ - Ignoring InterruptException
2016-10-05 04:44:15,605 ERROR [org.scalaide.ui.internal.reconciliation.ScalaReconciler] - ModelBuilder$ - renderType. Unknown Tree type class scala.reflect.internal.Trees$SelectFromTypeTree
2016-10-05 04:44:16,613 ERROR [org.scalaide.ui.internal.reconciliation.ScalaReconciler] - ModelBuilder$ - renderType. Unknown Tree type class scala.reflect.internal.Trees$SelectFromTypeTree
2016-10-05 04:44:22,551 ERROR [org.scalaide.ui.internal.reconciliation.ScalaReconciler] - ModelBuilder$ - renderType. Unknown Tree type class scala.reflect.internal.Trees$ExistentialTypeTree
2016-10-05 04:44:22,552 ERROR [org.scalaide.ui.internal.reconciliation.ScalaReconciler] - ModelBuilder$ - renderType. Unknown Tree type class scala.reflect.internal.Trees$ExistentialTypeTree
2016-10-05 04:44:22,552 ERROR [org.scalaide.ui.internal.reconciliation.ScalaReconciler] - ModelBuilder$ - renderType. Unknown Tree type class scala.reflect.internal.Trees$ExistentialTypeTree
2016-10-05 04:44:22,552 ERROR [org.scalaide.ui.internal.reconciliation.ScalaReconciler] - ModelBuilder$ - renderType. Unknown Tree type class scala.reflect.internal.Trees$ExistentialTypeTree
2016-10-05 04:44:22,552 ERROR [org.scalaide.ui.internal.reconciliation.ScalaReconciler] - ModelBuilder$ - renderType. Unknown Tree type class scala.reflect.internal.Trees$ExistentialTypeTree
2016-10-05 04:44:22,552 ERROR [org.scalaide.ui.internal.reconciliation.ScalaReconciler] - ModelBuilder$ - renderType. Unknown Tree type class scala.reflect.internal.Trees$ExistentialTypeTree
2016-10-05 04:44:22,552 ERROR [org.scalaide.ui.internal.reconciliation.ScalaReconciler] - ModelBuilder$ - renderType. Unknown Tree type class scala.reflect.internal.Trees$ExistentialTypeTree
2016-10-05 04:44:23,630 ERROR [org.scalaide.ui.internal.reconciliation.ScalaReconciler] - ModelBuilder$ - renderType. Unknown Tree type class scala.reflect.internal.Trees$ExistentialTypeTree
2016-10-05 04:44:23,630 ERROR [org.scalaide.ui.internal.reconciliation.ScalaReconciler] - ModelBuilder$ - renderType. Unknown Tree type class scala.reflect.internal.Trees$ExistentialTypeTree
2016-10-05 04:44:23,630 ERROR [org.scalaide.ui.internal.reconciliation.ScalaReconciler] - ModelBuilder$ - renderType. Unknown Tree type class scala.reflect.internal.Trees$ExistentialTypeTree
2016-10-05 04:44:23,630 ERROR [org.scalaide.ui.internal.reconciliation.ScalaReconciler] - ModelBuilder$ - renderType. Unknown Tree type class scala.reflect.internal.Trees$ExistentialTypeTree
2016-10-05 04:44:23,630 ERROR [org.scalaide.ui.internal.reconciliation.ScalaReconciler] - ModelBuilder$ - renderType. Unknown Tree type class scala.reflect.internal.Trees$ExistentialTypeTree
2016-10-05 04:44:23,630 ERROR [org.scalaide.ui.internal.reconciliation.ScalaReconciler] - ModelBuilder$ - renderType. Unknown Tree type class scala.reflect.internal.Trees$ExistentialTypeTree
2016-10-05 04:44:23,630 ERROR [org.scalaide.ui.internal.reconciliation.ScalaReconciler] - ModelBuilder$ - renderType. Unknown Tree type class scala.reflect.internal.Trees$ExistentialTypeTree
2016-10-05 04:44:35,940 ERROR [org.scalaide.ui.internal.reconciliation.ScalaReconciler] - ModelBuilder$ - renderType. Unknown Tree type class scala.reflect.internal.Trees$ExistentialTypeTree
2016-10-05 04:44:35,942 ERROR [org.scalaide.ui.internal.reconciliation.ScalaReconciler] - ModelBuilder$ - renderType. Unknown Tree type class scala.reflect.internal.Trees$ExistentialTypeTree
2016-10-05 04:44:35,942 ERROR [org.scalaide.ui.internal.reconciliation.ScalaReconciler] - ModelBuilder$ - renderType. Unknown Tree type class scala.reflect.internal.Trees$ExistentialTypeTree
2016-10-05 04:44:35,942 ERROR [org.scalaide.ui.internal.reconciliation.ScalaReconciler] - ModelBuilder$ - renderType. Unknown Tree type class scala.reflect.internal.Trees$ExistentialTypeTree
2016-10-05 04:44:35,942 ERROR [org.scalaide.ui.internal.reconciliation.ScalaReconciler] - ModelBuilder$ - renderType. Unknown Tree type class scala.reflect.internal.Trees$ExistentialTypeTree
2016-10-05 04:44:35,942 ERROR [org.scalaide.ui.internal.reconciliation.ScalaReconciler] - ModelBuilder$ - renderType. Unknown Tree type class scala.reflect.internal.Trees$ExistentialTypeTree
2016-10-05 04:44:35,942 ERROR [org.scalaide.ui.internal.reconciliation.ScalaReconciler] - ModelBuilder$ - renderType. Unknown Tree type class scala.reflect.internal.Trees$ExistentialTypeTree
2016-10-05 04:46:23,772 ERROR [org.scalaide.ui.internal.reconciliation.ScalaReconciler] - ModelBuilder$ - renderType. Unknown Tree type class scala.reflect.internal.Trees$SelectFromTypeTree
2016-10-05 04:46:23,773 ERROR [org.scalaide.ui.internal.reconciliation.ScalaReconciler] - ModelBuilder$ - renderType. Unknown Tree type class scala.reflect.internal.Trees$SelectFromTypeTree
2016-10-05 04:46:24,784 ERROR [org.scalaide.ui.internal.reconciliation.ScalaReconciler] - ModelBuilder$ - renderType. Unknown Tree type class scala.reflect.internal.Trees$SelectFromTypeTree
2016-10-05 04:46:24,784 ERROR [org.scalaide.ui.internal.reconciliation.ScalaReconciler] - ModelBuilder$ - renderType. Unknown Tree type class scala.reflect.internal.Trees$SelectFromTypeTree
2016-10-05 04:46:31,755 ERROR [org.scalaide.ui.internal.reconciliation.ScalaReconciler] - ModelBuilder$ - renderType. Unknown Tree type class scala.reflect.internal.Trees$SelectFromTypeTree
2016-10-05 04:46:31,755 ERROR [org.scalaide.ui.internal.reconciliation.ScalaReconciler] - ModelBuilder$ - renderType. Unknown Tree type class scala.reflect.internal.Trees$SelectFromTypeTree
2016-10-05 04:46:32,772 ERROR [org.scalaide.ui.internal.reconciliation.ScalaReconciler] - ModelBuilder$ - renderType. Unknown Tree type class scala.reflect.internal.Trees$SelectFromTypeTree
2016-10-05 04:46:32,772 ERROR [org.scalaide.ui.internal.reconciliation.ScalaReconciler] - ModelBuilder$ - renderType. Unknown Tree type class scala.reflect.internal.Trees$SelectFromTypeTree
2016-10-05 04:53:03,228 ERROR [Text Viewer Hover Presenter] - IScalaPresentationCompiler$ - Ignoring InterruptException
2016-10-05 04:53:03,229 ERROR [Text Viewer Hover Presenter] - IScalaPresentationCompiler$ - Ignoring InterruptException
2016-10-05 04:53:03,229 ERROR [Text Viewer Hover Presenter] - IScalaPresentationCompiler$ - Ignoring InterruptException
2016-10-05 05:15:11,722 ERROR [Text Viewer Hover Presenter] - IScalaPresentationCompiler$ - Ignoring InterruptException
2016-10-05 05:15:11,723 ERROR [Text Viewer Hover Presenter] - IScalaPresentationCompiler$ - Ignoring InterruptException
2016-10-05 05:15:11,723 ERROR [Text Viewer Hover Presenter] - IScalaPresentationCompiler$ - Ignoring InterruptException
2016-10-05 05:31:23,495 ERROR [org.scalaide.ui.internal.reconciliation.ScalaReconciler] - ModelBuilder$ - renderType. Unknown Tree type class scala.reflect.internal.Trees$ExistentialTypeTree
2016-10-05 05:31:23,496 ERROR [org.scalaide.ui.internal.reconciliation.ScalaReconciler] - ModelBuilder$ - renderType. Unknown Tree type class scala.reflect.internal.Trees$ExistentialTypeTree
2016-10-05 05:31:23,496 ERROR [org.scalaide.ui.internal.reconciliation.ScalaReconciler] - ModelBuilder$ - renderType. Unknown Tree type class scala.reflect.internal.Trees$ExistentialTypeTree
2016-10-05 05:31:23,497 ERROR [org.scalaide.ui.internal.reconciliation.ScalaReconciler] - ModelBuilder$ - renderType. Unknown Tree type class scala.reflect.internal.Trees$ExistentialTypeTree
2016-10-05 05:31:23,497 ERROR [org.scalaide.ui.internal.reconciliation.ScalaReconciler] - ModelBuilder$ - renderType. Unknown Tree type class scala.reflect.internal.Trees$ExistentialTypeTree
2016-10-05 05:31:23,497 ERROR [org.scalaide.ui.internal.reconciliation.ScalaReconciler] - ModelBuilder$ - renderType. Unknown Tree type class scala.reflect.internal.Trees$ExistentialTypeTree
2016-10-05 05:31:23,497 ERROR [org.scalaide.ui.internal.reconciliation.ScalaReconciler] - ModelBuilder$ - renderType. Unknown Tree type class scala.reflect.internal.Trees$ExistentialTypeTree
2016-10-05 05:31:33,084 ERROR [org.scalaide.ui.internal.reconciliation.ScalaReconciler] - ModelBuilder$ - renderType. Unknown Tree type class scala.reflect.internal.Trees$ExistentialTypeTree
2016-10-05 05:31:33,085 ERROR [org.scalaide.ui.internal.reconciliation.ScalaReconciler] - ModelBuilder$ - renderType. Unknown Tree type class scala.reflect.internal.Trees$ExistentialTypeTree
2016-10-05 05:31:33,085 ERROR [org.scalaide.ui.internal.reconciliation.ScalaReconciler] - ModelBuilder$ - renderType. Unknown Tree type class scala.reflect.internal.Trees$ExistentialTypeTree
2016-10-05 05:31:33,085 ERROR [org.scalaide.ui.internal.reconciliation.ScalaReconciler] - ModelBuilder$ - renderType. Unknown Tree type class scala.reflect.internal.Trees$ExistentialTypeTree
2016-10-05 05:31:33,085 ERROR [org.scalaide.ui.internal.reconciliation.ScalaReconciler] - ModelBuilder$ - renderType. Unknown Tree type class scala.reflect.internal.Trees$ExistentialTypeTree
2016-10-05 05:31:33,085 ERROR [org.scalaide.ui.internal.reconciliation.ScalaReconciler] - ModelBuilder$ - renderType. Unknown Tree type class scala.reflect.internal.Trees$ExistentialTypeTree
2016-10-05 05:31:33,085 ERROR [org.scalaide.ui.internal.reconciliation.ScalaReconciler] - ModelBuilder$ - renderType. Unknown Tree type class scala.reflect.internal.Trees$ExistentialTypeTree
2016-10-05 05:31:38,152 ERROR [org.scalaide.ui.internal.reconciliation.ScalaReconciler] - ModelBuilder$ - renderType. Unknown Tree type class scala.reflect.internal.Trees$ExistentialTypeTree
2016-10-05 05:31:38,152 ERROR [org.scalaide.ui.internal.reconciliation.ScalaReconciler] - ModelBuilder$ - renderType. Unknown Tree type class scala.reflect.internal.Trees$ExistentialTypeTree
2016-10-05 05:31:38,152 ERROR [org.scalaide.ui.internal.reconciliation.ScalaReconciler] - ModelBuilder$ - renderType. Unknown Tree type class scala.reflect.internal.Trees$ExistentialTypeTree
2016-10-05 05:31:38,152 ERROR [org.scalaide.ui.internal.reconciliation.ScalaReconciler] - ModelBuilder$ - renderType. Unknown Tree type class scala.reflect.internal.Trees$ExistentialTypeTree
2016-10-05 05:31:38,152 ERROR [org.scalaide.ui.internal.reconciliation.ScalaReconciler] - ModelBuilder$ - renderType. Unknown Tree type class scala.reflect.internal.Trees$ExistentialTypeTree
2016-10-05 05:31:38,152 ERROR [org.scalaide.ui.internal.reconciliation.ScalaReconciler] - ModelBuilder$ - renderType. Unknown Tree type class scala.reflect.internal.Trees$ExistentialTypeTree
2016-10-05 05:31:38,152 ERROR [org.scalaide.ui.internal.reconciliation.ScalaReconciler] - ModelBuilder$ - renderType. Unknown Tree type class scala.reflect.internal.Trees$ExistentialTypeTree
2016-10-05 05:31:48,752 ERROR [main] - ModelBuilder$ - renderType. Unknown Tree type class scala.reflect.internal.Trees$ExistentialTypeTree
2016-10-05 05:31:48,752 ERROR [main] - ModelBuilder$ - renderType. Unknown Tree type class scala.reflect.internal.Trees$ExistentialTypeTree
2016-10-05 05:31:48,752 ERROR [main] - ModelBuilder$ - renderType. Unknown Tree type class scala.reflect.internal.Trees$ExistentialTypeTree
2016-10-05 05:31:48,752 ERROR [main] - ModelBuilder$ - renderType. Unknown Tree type class scala.reflect.internal.Trees$ExistentialTypeTree
2016-10-05 05:31:48,752 ERROR [main] - ModelBuilder$ - renderType. Unknown Tree type class scala.reflect.internal.Trees$ExistentialTypeTree
2016-10-05 05:31:48,752 ERROR [main] - ModelBuilder$ - renderType. Unknown Tree type class scala.reflect.internal.Trees$ExistentialTypeTree
2016-10-05 05:31:48,752 ERROR [main] - ModelBuilder$ - renderType. Unknown Tree type class scala.reflect.internal.Trees$ExistentialTypeTree
2016-10-05 05:31:54,913 ERROR [org.scalaide.ui.internal.reconciliation.ScalaReconciler] - ModelBuilder$ - renderType. Unknown Tree type class scala.reflect.internal.Trees$ExistentialTypeTree
2016-10-05 05:31:54,913 ERROR [org.scalaide.ui.internal.reconciliation.ScalaReconciler] - ModelBuilder$ - renderType. Unknown Tree type class scala.reflect.internal.Trees$ExistentialTypeTree
2016-10-05 05:31:54,913 ERROR [org.scalaide.ui.internal.reconciliation.ScalaReconciler] - ModelBuilder$ - renderType. Unknown Tree type class scala.reflect.internal.Trees$ExistentialTypeTree
2016-10-05 05:31:54,913 ERROR [org.scalaide.ui.internal.reconciliation.ScalaReconciler] - ModelBuilder$ - renderType. Unknown Tree type class scala.reflect.internal.Trees$ExistentialTypeTree
2016-10-05 05:31:54,913 ERROR [org.scalaide.ui.internal.reconciliation.ScalaReconciler] - ModelBuilder$ - renderType. Unknown Tree type class scala.reflect.internal.Trees$ExistentialTypeTree
2016-10-05 05:31:54,913 ERROR [org.scalaide.ui.internal.reconciliation.ScalaReconciler] - ModelBuilder$ - renderType. Unknown Tree type class scala.reflect.internal.Trees$ExistentialTypeTree
2016-10-05 05:31:54,913 ERROR [org.scalaide.ui.internal.reconciliation.ScalaReconciler] - ModelBuilder$ - renderType. Unknown Tree type class scala.reflect.internal.Trees$ExistentialTypeTree
2016-10-05 05:32:10,981 ERROR [org.scalaide.ui.internal.reconciliation.ScalaReconciler] - ModelBuilder$ - renderType. Unknown Tree type class scala.reflect.internal.Trees$ExistentialTypeTree
2016-10-05 05:32:10,982 ERROR [org.scalaide.ui.internal.reconciliation.ScalaReconciler] - ModelBuilder$ - renderType. Unknown Tree type class scala.reflect.internal.Trees$ExistentialTypeTree
2016-10-05 05:32:10,982 ERROR [org.scalaide.ui.internal.reconciliation.ScalaReconciler] - ModelBuilder$ - renderType. Unknown Tree type class scala.reflect.internal.Trees$ExistentialTypeTree
2016-10-05 05:32:10,982 ERROR [org.scalaide.ui.internal.reconciliation.ScalaReconciler] - ModelBuilder$ - renderType. Unknown Tree type class scala.reflect.internal.Trees$ExistentialTypeTree
2016-10-05 05:32:10,982 ERROR [org.scalaide.ui.internal.reconciliation.ScalaReconciler] - ModelBuilder$ - renderType. Unknown Tree type class scala.reflect.internal.Trees$ExistentialTypeTree
2016-10-05 05:32:10,982 ERROR [org.scalaide.ui.internal.reconciliation.ScalaReconciler] - ModelBuilder$ - renderType. Unknown Tree type class scala.reflect.internal.Trees$ExistentialTypeTree
2016-10-05 05:32:10,982 ERROR [org.scalaide.ui.internal.reconciliation.ScalaReconciler] - ModelBuilder$ - renderType. Unknown Tree type class scala.reflect.internal.Trees$ExistentialTypeTree
2016-10-05 05:32:14,574 ERROR [org.scalaide.ui.internal.reconciliation.ScalaReconciler] - ModelBuilder$ - renderType. Unknown Tree type class scala.reflect.internal.Trees$ExistentialTypeTree
2016-10-05 05:32:14,575 ERROR [org.scalaide.ui.internal.reconciliation.ScalaReconciler] - ModelBuilder$ - renderType. Unknown Tree type class scala.reflect.internal.Trees$ExistentialTypeTree
2016-10-05 05:32:14,575 ERROR [org.scalaide.ui.internal.reconciliation.ScalaReconciler] - ModelBuilder$ - renderType. Unknown Tree type class scala.reflect.internal.Trees$ExistentialTypeTree
2016-10-05 05:32:14,575 ERROR [org.scalaide.ui.internal.reconciliation.ScalaReconciler] - ModelBuilder$ - renderType. Unknown Tree type class scala.reflect.internal.Trees$ExistentialTypeTree
2016-10-05 05:32:14,575 ERROR [org.scalaide.ui.internal.reconciliation.ScalaReconciler] - ModelBuilder$ - renderType. Unknown Tree type class scala.reflect.internal.Trees$ExistentialTypeTree
2016-10-05 05:32:14,575 ERROR [org.scalaide.ui.internal.reconciliation.ScalaReconciler] - ModelBuilder$ - renderType. Unknown Tree type class scala.reflect.internal.Trees$ExistentialTypeTree
2016-10-05 05:32:14,575 ERROR [org.scalaide.ui.internal.reconciliation.ScalaReconciler] - ModelBuilder$ - renderType. Unknown Tree type class scala.reflect.internal.Trees$ExistentialTypeTree
2016-10-05 05:32:33,156 ERROR [org.scalaide.ui.internal.reconciliation.ScalaReconciler] - ModelBuilder$ - renderType. Unknown Tree type class scala.reflect.internal.Trees$ExistentialTypeTree
2016-10-05 05:32:33,157 ERROR [org.scalaide.ui.internal.reconciliation.ScalaReconciler] - ModelBuilder$ - renderType. Unknown Tree type class scala.reflect.internal.Trees$ExistentialTypeTree
2016-10-05 05:32:33,157 ERROR [org.scalaide.ui.internal.reconciliation.ScalaReconciler] - ModelBuilder$ - renderType. Unknown Tree type class scala.reflect.internal.Trees$ExistentialTypeTree
2016-10-05 05:32:33,157 ERROR [org.scalaide.ui.internal.reconciliation.ScalaReconciler] - ModelBuilder$ - renderType. Unknown Tree type class scala.reflect.internal.Trees$ExistentialTypeTree
2016-10-05 05:32:33,157 ERROR [org.scalaide.ui.internal.reconciliation.ScalaReconciler] - ModelBuilder$ - renderType. Unknown Tree type class scala.reflect.internal.Trees$ExistentialTypeTree
2016-10-05 05:32:33,157 ERROR [org.scalaide.ui.internal.reconciliation.ScalaReconciler] - ModelBuilder$ - renderType. Unknown Tree type class scala.reflect.internal.Trees$ExistentialTypeTree
2016-10-05 05:32:33,157 ERROR [org.scalaide.ui.internal.reconciliation.ScalaReconciler] - ModelBuilder$ - renderType. Unknown Tree type class scala.reflect.internal.Trees$ExistentialTypeTree
2016-10-05 05:32:36,230 ERROR [org.scalaide.ui.internal.reconciliation.ScalaReconciler] - ModelBuilder$ - renderType. Unknown Tree type class scala.reflect.internal.Trees$ExistentialTypeTree
2016-10-05 05:32:36,230 ERROR [org.scalaide.ui.internal.reconciliation.ScalaReconciler] - ModelBuilder$ - renderType. Unknown Tree type class scala.reflect.internal.Trees$ExistentialTypeTree
2016-10-05 05:32:36,230 ERROR [org.scalaide.ui.internal.reconciliation.ScalaReconciler] - ModelBuilder$ - renderType. Unknown Tree type class scala.reflect.internal.Trees$ExistentialTypeTree
2016-10-05 05:32:36,230 ERROR [org.scalaide.ui.internal.reconciliation.ScalaReconciler] - ModelBuilder$ - renderType. Unknown Tree type class scala.reflect.internal.Trees$ExistentialTypeTree
2016-10-05 05:32:36,230 ERROR [org.scalaide.ui.internal.reconciliation.ScalaReconciler] - ModelBuilder$ - renderType. Unknown Tree type class scala.reflect.internal.Trees$ExistentialTypeTree
2016-10-05 05:32:36,230 ERROR [org.scalaide.ui.internal.reconciliation.ScalaReconciler] - ModelBuilder$ - renderType. Unknown Tree type class scala.reflect.internal.Trees$ExistentialTypeTree
2016-10-05 05:32:36,230 ERROR [org.scalaide.ui.internal.reconciliation.ScalaReconciler] - ModelBuilder$ - renderType. Unknown Tree type class scala.reflect.internal.Trees$ExistentialTypeTree
2016-10-05 05:32:37,307 ERROR [org.scalaide.ui.internal.reconciliation.ScalaReconciler] - ModelBuilder$ - renderType. Unknown Tree type class scala.reflect.internal.Trees$ExistentialTypeTree
2016-10-05 05:32:37,307 ERROR [org.scalaide.ui.internal.reconciliation.ScalaReconciler] - ModelBuilder$ - renderType. Unknown Tree type class scala.reflect.internal.Trees$ExistentialTypeTree
2016-10-05 05:32:37,307 ERROR [org.scalaide.ui.internal.reconciliation.ScalaReconciler] - ModelBuilder$ - renderType. Unknown Tree type class scala.reflect.internal.Trees$ExistentialTypeTree
2016-10-05 05:32:37,307 ERROR [org.scalaide.ui.internal.reconciliation.ScalaReconciler] - ModelBuilder$ - renderType. Unknown Tree type class scala.reflect.internal.Trees$ExistentialTypeTree
2016-10-05 05:32:37,308 ERROR [org.scalaide.ui.internal.reconciliation.ScalaReconciler] - ModelBuilder$ - renderType. Unknown Tree type class scala.reflect.internal.Trees$ExistentialTypeTree
2016-10-05 05:32:37,308 ERROR [org.scalaide.ui.internal.reconciliation.ScalaReconciler] - ModelBuilder$ - renderType. Unknown Tree type class scala.reflect.internal.Trees$ExistentialTypeTree
2016-10-05 05:32:37,308 ERROR [org.scalaide.ui.internal.reconciliation.ScalaReconciler] - ModelBuilder$ - renderType. Unknown Tree type class scala.reflect.internal.Trees$ExistentialTypeTree
2016-10-05 05:32:43,400 ERROR [org.scalaide.ui.internal.reconciliation.ScalaReconciler] - ModelBuilder$ - renderType. Unknown Tree type class scala.reflect.internal.Trees$ExistentialTypeTree
2016-10-05 05:32:43,400 ERROR [org.scalaide.ui.internal.reconciliation.ScalaReconciler] - ModelBuilder$ - renderType. Unknown Tree type class scala.reflect.internal.Trees$ExistentialTypeTree
2016-10-05 05:32:43,400 ERROR [org.scalaide.ui.internal.reconciliation.ScalaReconciler] - ModelBuilder$ - renderType. Unknown Tree type class scala.reflect.internal.Trees$ExistentialTypeTree
2016-10-05 05:32:43,400 ERROR [org.scalaide.ui.internal.reconciliation.ScalaReconciler] - ModelBuilder$ - renderType. Unknown Tree type class scala.reflect.internal.Trees$ExistentialTypeTree
2016-10-05 05:32:43,400 ERROR [org.scalaide.ui.internal.reconciliation.ScalaReconciler] - ModelBuilder$ - renderType. Unknown Tree type class scala.reflect.internal.Trees$ExistentialTypeTree
2016-10-05 05:32:43,400 ERROR [org.scalaide.ui.internal.reconciliation.ScalaReconciler] - ModelBuilder$ - renderType. Unknown Tree type class scala.reflect.internal.Trees$ExistentialTypeTree
2016-10-05 05:32:43,401 ERROR [org.scalaide.ui.internal.reconciliation.ScalaReconciler] - ModelBuilder$ - renderType. Unknown Tree type class scala.reflect.internal.Trees$ExistentialTypeTree
2016-10-05 05:33:10,161 ERROR [org.scalaide.ui.internal.reconciliation.ScalaReconciler] - ModelBuilder$ - renderType. Unknown Tree type class scala.reflect.internal.Trees$ExistentialTypeTree
2016-10-05 05:33:10,162 ERROR [org.scalaide.ui.internal.reconciliation.ScalaReconciler] - ModelBuilder$ - renderType. Unknown Tree type class scala.reflect.internal.Trees$ExistentialTypeTree
2016-10-05 05:33:10,162 ERROR [org.scalaide.ui.internal.reconciliation.ScalaReconciler] - ModelBuilder$ - renderType. Unknown Tree type class scala.reflect.internal.Trees$ExistentialTypeTree
2016-10-05 05:33:10,162 ERROR [org.scalaide.ui.internal.reconciliation.ScalaReconciler] - ModelBuilder$ - renderType. Unknown Tree type class scala.reflect.internal.Trees$ExistentialTypeTree
2016-10-05 05:33:10,163 ERROR [org.scalaide.ui.internal.reconciliation.ScalaReconciler] - ModelBuilder$ - renderType. Unknown Tree type class scala.reflect.internal.Trees$ExistentialTypeTree
2016-10-05 05:33:10,163 ERROR [org.scalaide.ui.internal.reconciliation.ScalaReconciler] - ModelBuilder$ - renderType. Unknown Tree type class scala.reflect.internal.Trees$ExistentialTypeTree
2016-10-05 05:33:10,163 ERROR [org.scalaide.ui.internal.reconciliation.ScalaReconciler] - ModelBuilder$ - renderType. Unknown Tree type class scala.reflect.internal.Trees$ExistentialTypeTree
2016-10-05 05:34:15,660 ERROR [org.scalaide.ui.internal.reconciliation.ScalaReconciler] - ModelBuilder$ - renderType. Unknown Tree type class scala.reflect.internal.Trees$ExistentialTypeTree
2016-10-05 05:34:15,661 ERROR [org.scalaide.ui.internal.reconciliation.ScalaReconciler] - ModelBuilder$ - renderType. Unknown Tree type class scala.reflect.internal.Trees$ExistentialTypeTree
2016-10-05 05:34:15,661 ERROR [org.scalaide.ui.internal.reconciliation.ScalaReconciler] - ModelBuilder$ - renderType. Unknown Tree type class scala.reflect.internal.Trees$ExistentialTypeTree
2016-10-05 05:34:15,661 ERROR [org.scalaide.ui.internal.reconciliation.ScalaReconciler] - ModelBuilder$ - renderType. Unknown Tree type class scala.reflect.internal.Trees$ExistentialTypeTree
2016-10-05 05:34:15,661 ERROR [org.scalaide.ui.internal.reconciliation.ScalaReconciler] - ModelBuilder$ - renderType. Unknown Tree type class scala.reflect.internal.Trees$ExistentialTypeTree
2016-10-05 05:34:15,661 ERROR [org.scalaide.ui.internal.reconciliation.ScalaReconciler] - ModelBuilder$ - renderType. Unknown Tree type class scala.reflect.internal.Trees$ExistentialTypeTree
2016-10-05 05:34:15,661 ERROR [org.scalaide.ui.internal.reconciliation.ScalaReconciler] - ModelBuilder$ - renderType. Unknown Tree type class scala.reflect.internal.Trees$ExistentialTypeTree
2016-10-05 05:35:03,453 ERROR [org.scalaide.ui.internal.reconciliation.ScalaReconciler] - ModelBuilder$ - renderType. Unknown Tree type class scala.reflect.internal.Trees$SelectFromTypeTree
2016-10-05 05:35:11,416 ERROR [org.scalaide.ui.internal.reconciliation.ScalaReconciler] - ModelBuilder$ - renderType. Unknown Tree type class scala.reflect.internal.Trees$ExistentialTypeTree
2016-10-05 05:35:11,416 ERROR [org.scalaide.ui.internal.reconciliation.ScalaReconciler] - ModelBuilder$ - renderType. Unknown Tree type class scala.reflect.internal.Trees$ExistentialTypeTree
2016-10-05 05:35:11,416 ERROR [org.scalaide.ui.internal.reconciliation.ScalaReconciler] - ModelBuilder$ - renderType. Unknown Tree type class scala.reflect.internal.Trees$ExistentialTypeTree
2016-10-05 05:35:11,416 ERROR [org.scalaide.ui.internal.reconciliation.ScalaReconciler] - ModelBuilder$ - renderType. Unknown Tree type class scala.reflect.internal.Trees$ExistentialTypeTree
2016-10-05 05:35:11,417 ERROR [org.scalaide.ui.internal.reconciliation.ScalaReconciler] - ModelBuilder$ - renderType. Unknown Tree type class scala.reflect.internal.Trees$ExistentialTypeTree
2016-10-05 05:35:11,417 ERROR [org.scalaide.ui.internal.reconciliation.ScalaReconciler] - ModelBuilder$ - renderType. Unknown Tree type class scala.reflect.internal.Trees$ExistentialTypeTree
2016-10-05 05:35:11,417 ERROR [org.scalaide.ui.internal.reconciliation.ScalaReconciler] - ModelBuilder$ - renderType. Unknown Tree type class scala.reflect.internal.Trees$ExistentialTypeTree
2016-10-05 05:35:15,488 ERROR [org.scalaide.ui.internal.reconciliation.ScalaReconciler] - ModelBuilder$ - renderType. Unknown Tree type class scala.reflect.internal.Trees$ExistentialTypeTree
2016-10-05 05:35:15,489 ERROR [org.scalaide.ui.internal.reconciliation.ScalaReconciler] - ModelBuilder$ - renderType. Unknown Tree type class scala.reflect.internal.Trees$ExistentialTypeTree
2016-10-05 05:35:15,489 ERROR [org.scalaide.ui.internal.reconciliation.ScalaReconciler] - ModelBuilder$ - renderType. Unknown Tree type class scala.reflect.internal.Trees$ExistentialTypeTree
2016-10-05 05:35:15,489 ERROR [org.scalaide.ui.internal.reconciliation.ScalaReconciler] - ModelBuilder$ - renderType. Unknown Tree type class scala.reflect.internal.Trees$ExistentialTypeTree
2016-10-05 05:35:15,489 ERROR [org.scalaide.ui.internal.reconciliation.ScalaReconciler] - ModelBuilder$ - renderType. Unknown Tree type class scala.reflect.internal.Trees$ExistentialTypeTree
2016-10-05 05:35:15,490 ERROR [org.scalaide.ui.internal.reconciliation.ScalaReconciler] - ModelBuilder$ - renderType. Unknown Tree type class scala.reflect.internal.Trees$ExistentialTypeTree
2016-10-05 05:35:15,490 ERROR [org.scalaide.ui.internal.reconciliation.ScalaReconciler] - ModelBuilder$ - renderType. Unknown Tree type class scala.reflect.internal.Trees$ExistentialTypeTree
2016-10-05 05:35:20,555 ERROR [main] - ModelBuilder$ - renderType. Unknown Tree type class scala.reflect.internal.Trees$ExistentialTypeTree
2016-10-05 05:35:20,555 ERROR [main] - ModelBuilder$ - renderType. Unknown Tree type class scala.reflect.internal.Trees$ExistentialTypeTree
2016-10-05 05:35:20,555 ERROR [main] - ModelBuilder$ - renderType. Unknown Tree type class scala.reflect.internal.Trees$ExistentialTypeTree
2016-10-05 05:35:20,555 ERROR [main] - ModelBuilder$ - renderType. Unknown Tree type class scala.reflect.internal.Trees$ExistentialTypeTree
2016-10-05 05:35:20,555 ERROR [main] - ModelBuilder$ - renderType. Unknown Tree type class scala.reflect.internal.Trees$ExistentialTypeTree
2016-10-05 05:35:20,555 ERROR [main] - ModelBuilder$ - renderType. Unknown Tree type class scala.reflect.internal.Trees$ExistentialTypeTree
2016-10-05 05:35:20,555 ERROR [main] - ModelBuilder$ - renderType. Unknown Tree type class scala.reflect.internal.Trees$ExistentialTypeTree
2016-10-05 05:35:23,079 ERROR [org.scalaide.ui.internal.reconciliation.ScalaReconciler] - ModelBuilder$ - renderType. Unknown Tree type class scala.reflect.internal.Trees$ExistentialTypeTree
2016-10-05 05:35:23,079 ERROR [org.scalaide.ui.internal.reconciliation.ScalaReconciler] - ModelBuilder$ - renderType. Unknown Tree type class scala.reflect.internal.Trees$ExistentialTypeTree
2016-10-05 05:35:23,079 ERROR [org.scalaide.ui.internal.reconciliation.ScalaReconciler] - ModelBuilder$ - renderType. Unknown Tree type class scala.reflect.internal.Trees$ExistentialTypeTree
2016-10-05 05:35:23,079 ERROR [org.scalaide.ui.internal.reconciliation.ScalaReconciler] - ModelBuilder$ - renderType. Unknown Tree type class scala.reflect.internal.Trees$ExistentialTypeTree
2016-10-05 05:35:23,079 ERROR [org.scalaide.ui.internal.reconciliation.ScalaReconciler] - ModelBuilder$ - renderType. Unknown Tree type class scala.reflect.internal.Trees$ExistentialTypeTree
2016-10-05 05:35:23,079 ERROR [org.scalaide.ui.internal.reconciliation.ScalaReconciler] - ModelBuilder$ - renderType. Unknown Tree type class scala.reflect.internal.Trees$ExistentialTypeTree
2016-10-05 05:35:23,079 ERROR [org.scalaide.ui.internal.reconciliation.ScalaReconciler] - ModelBuilder$ - renderType. Unknown Tree type class scala.reflect.internal.Trees$ExistentialTypeTree
2016-10-05 05:35:47,380 ERROR [Text Viewer Hover Presenter] - IScalaPresentationCompiler$ - Ignoring InterruptException
2016-10-05 05:35:47,381 ERROR [Text Viewer Hover Presenter] - IScalaPresentationCompiler$ - Ignoring InterruptException
2016-10-05 05:35:47,381 ERROR [Text Viewer Hover Presenter] - IScalaPresentationCompiler$ - Ignoring InterruptException
2016-10-05 05:35:54,621 ERROR [Text Viewer Hover Presenter] - IScalaPresentationCompiler$ - Ignoring InterruptException
2016-10-05 05:35:54,621 ERROR [Text Viewer Hover Presenter] - IScalaPresentationCompiler$ - Ignoring InterruptException
2016-10-05 05:35:54,621 ERROR [Text Viewer Hover Presenter] - IScalaPresentationCompiler$ - Ignoring InterruptException
2016-10-05 05:37:29,884 ERROR [Text Viewer Hover Presenter] - IScalaPresentationCompiler$ - Ignoring InterruptException
2016-10-05 05:37:29,885 ERROR [Text Viewer Hover Presenter] - IScalaPresentationCompiler$ - Ignoring InterruptException
2016-10-05 05:37:29,886 ERROR [Text Viewer Hover Presenter] - IScalaPresentationCompiler$ - Ignoring InterruptException
2016-10-05 05:39:22,261 ERROR [org.scalaide.ui.internal.reconciliation.ScalaReconciler] - ModelBuilder$ - renderType. Unknown Tree type class scala.reflect.internal.Trees$ExistentialTypeTree
2016-10-05 05:39:22,262 ERROR [org.scalaide.ui.internal.reconciliation.ScalaReconciler] - ModelBuilder$ - renderType. Unknown Tree type class scala.reflect.internal.Trees$ExistentialTypeTree
2016-10-05 05:39:22,262 ERROR [org.scalaide.ui.internal.reconciliation.ScalaReconciler] - ModelBuilder$ - renderType. Unknown Tree type class scala.reflect.internal.Trees$ExistentialTypeTree
2016-10-05 05:39:22,262 ERROR [org.scalaide.ui.internal.reconciliation.ScalaReconciler] - ModelBuilder$ - renderType. Unknown Tree type class scala.reflect.internal.Trees$ExistentialTypeTree
2016-10-05 05:39:22,262 ERROR [org.scalaide.ui.internal.reconciliation.ScalaReconciler] - ModelBuilder$ - renderType. Unknown Tree type class scala.reflect.internal.Trees$ExistentialTypeTree
2016-10-05 05:39:22,262 ERROR [org.scalaide.ui.internal.reconciliation.ScalaReconciler] - ModelBuilder$ - renderType. Unknown Tree type class scala.reflect.internal.Trees$ExistentialTypeTree
2016-10-05 05:39:22,262 ERROR [org.scalaide.ui.internal.reconciliation.ScalaReconciler] - ModelBuilder$ - renderType. Unknown Tree type class scala.reflect.internal.Trees$ExistentialTypeTree
2016-10-05 05:39:23,326 ERROR [org.scalaide.ui.internal.reconciliation.ScalaReconciler] - ModelBuilder$ - renderType. Unknown Tree type class scala.reflect.internal.Trees$ExistentialTypeTree
2016-10-05 05:39:23,326 ERROR [org.scalaide.ui.internal.reconciliation.ScalaReconciler] - ModelBuilder$ - renderType. Unknown Tree type class scala.reflect.internal.Trees$ExistentialTypeTree
2016-10-05 05:39:23,326 ERROR [org.scalaide.ui.internal.reconciliation.ScalaReconciler] - ModelBuilder$ - renderType. Unknown Tree type class scala.reflect.internal.Trees$ExistentialTypeTree
2016-10-05 05:39:23,326 ERROR [org.scalaide.ui.internal.reconciliation.ScalaReconciler] - ModelBuilder$ - renderType. Unknown Tree type class scala.reflect.internal.Trees$ExistentialTypeTree
2016-10-05 05:39:23,326 ERROR [org.scalaide.ui.internal.reconciliation.ScalaReconciler] - ModelBuilder$ - renderType. Unknown Tree type class scala.reflect.internal.Trees$ExistentialTypeTree
2016-10-05 05:39:23,326 ERROR [org.scalaide.ui.internal.reconciliation.ScalaReconciler] - ModelBuilder$ - renderType. Unknown Tree type class scala.reflect.internal.Trees$ExistentialTypeTree
2016-10-05 05:39:23,326 ERROR [org.scalaide.ui.internal.reconciliation.ScalaReconciler] - ModelBuilder$ - renderType. Unknown Tree type class scala.reflect.internal.Trees$ExistentialTypeTree
2016-10-05 05:39:29,909 ERROR [org.scalaide.ui.internal.reconciliation.ScalaReconciler] - ModelBuilder$ - renderType. Unknown Tree type class scala.reflect.internal.Trees$ExistentialTypeTree
2016-10-05 05:39:29,909 ERROR [org.scalaide.ui.internal.reconciliation.ScalaReconciler] - ModelBuilder$ - renderType. Unknown Tree type class scala.reflect.internal.Trees$ExistentialTypeTree
2016-10-05 05:39:29,909 ERROR [org.scalaide.ui.internal.reconciliation.ScalaReconciler] - ModelBuilder$ - renderType. Unknown Tree type class scala.reflect.internal.Trees$ExistentialTypeTree
2016-10-05 05:39:29,909 ERROR [org.scalaide.ui.internal.reconciliation.ScalaReconciler] - ModelBuilder$ - renderType. Unknown Tree type class scala.reflect.internal.Trees$ExistentialTypeTree
2016-10-05 05:39:29,909 ERROR [org.scalaide.ui.internal.reconciliation.ScalaReconciler] - ModelBuilder$ - renderType. Unknown Tree type class scala.reflect.internal.Trees$ExistentialTypeTree
2016-10-05 05:39:29,909 ERROR [org.scalaide.ui.internal.reconciliation.ScalaReconciler] - ModelBuilder$ - renderType. Unknown Tree type class scala.reflect.internal.Trees$ExistentialTypeTree
2016-10-05 05:39:29,909 ERROR [org.scalaide.ui.internal.reconciliation.ScalaReconciler] - ModelBuilder$ - renderType. Unknown Tree type class scala.reflect.internal.Trees$ExistentialTypeTree
2016-10-05 05:40:22,769 ERROR [org.scalaide.ui.internal.reconciliation.ScalaReconciler] - ModelBuilder$ - renderType. Unknown Tree type class scala.reflect.internal.Trees$SelectFromTypeTree
2016-10-05 05:52:00,713 ERROR [Text Viewer Hover Presenter] - IScalaPresentationCompiler$ - Ignoring InterruptException
2016-10-05 05:52:00,714 ERROR [Text Viewer Hover Presenter] - IScalaPresentationCompiler$ - Ignoring InterruptException
2016-10-05 05:52:00,714 ERROR [Text Viewer Hover Presenter] - IScalaPresentationCompiler$ - Ignoring InterruptException
2016-10-05 05:54:38,110 ERROR [Text Viewer Hover Presenter] - IScalaPresentationCompiler$ - Ignoring InterruptException
2016-10-05 05:54:38,114 ERROR [Text Viewer Hover Presenter] - IScalaPresentationCompiler$ - Ignoring InterruptException
2016-10-05 05:54:38,114 ERROR [Text Viewer Hover Presenter] - IScalaPresentationCompiler$ - Ignoring InterruptException
2016-10-05 05:54:38,114 ERROR [Text Viewer Hover Presenter] - IScalaPresentationCompiler$ - Ignoring InterruptException
